<?xml version="1.0" encoding="UTF-8"?>
<!-- Generated by org.testng.reporters.JUnitReportReporter -->
<testsuite hostname="Vignesh" failures="0" tests="1" name="testcases.LaunchURL" time="6.312" errors="0" timestamp="2023-03-11T21:13:10 IST" skipped="0">
  <testcase classname="testcases.LaunchURL" name="urlTest" time="6.312"/>
  <system-out/>
</testsuite> <!-- testcases.LaunchURL -->
