<?xml version="1.0" encoding="UTF-8"?>
<!-- Generated by org.testng.reporters.JUnitReportReporter -->
<testsuite hostname="Vignesh" failures="0" tests="6" name="com.Automation.TestNGDemo.DataProviderEg" time="0.023" errors="0" timestamp="2023-03-05T19:45:02 IST" skipped="0">
  <testcase classname="com.Automation.TestNGDemo.DataProviderEg" name="sub" time="0.002"/>
  <system-out/>
  <testcase classname="com.Automation.TestNGDemo.DataProviderEg" name="add" time="0.002"/>
  <system-out/>
  <testcase classname="com.Automation.TestNGDemo.DataProviderEg" name="add" time="0.013"/>
  <system-out/>
  <testcase classname="com.Automation.TestNGDemo.DataProviderEg" name="sub" time="0.002"/>
  <system-out/>
  <testcase classname="com.Automation.TestNGDemo.DataProviderEg" name="age" time="0.002"/>
  <system-out/>
  <testcase classname="com.Automation.TestNGDemo.DataProviderEg" name="age" time="0.002"/>
  <system-out/>
</testsuite> <!-- com.Automation.TestNGDemo.DataProviderEg -->
