<?xml version="1.0" encoding="UTF-8"?>
<!-- Generated by org.testng.reporters.JUnitReportReporter -->
<testsuite hostname="Vignesh" failures="0" tests="1" name="com.Automation.TestNGDemo.Annotations_Eg" time="0.014" errors="0" timestamp="2023-03-04T21:46:11 IST" skipped="0">
  <testcase classname="com.Automation.TestNGDemo.Annotations_Eg" name="test1" time="0.014"/>
  <system-out/>
</testsuite> <!-- com.Automation.TestNGDemo.Annotations_Eg -->
