<?xml version="1.0" encoding="UTF-8"?>
<!-- Generated by org.testng.reporters.JUnitReportReporter -->
<testsuite hostname="Vignesh" failures="0" tests="4" name="com.Automation.TestNGDemo.Selenium_Eg" time="17.283" errors="0" timestamp="2023-03-05T20:00:44 IST" skipped="0">
  <testcase classname="com.Automation.TestNGDemo.Selenium_Eg" name="amazon" time="4.223"/>
  <system-out/>
  <testcase classname="com.Automation.TestNGDemo.Selenium_Eg" name="google" time="3.460"/>
  <system-out/>
  <testcase classname="com.Automation.TestNGDemo.Selenium_Eg" name="flipkart" time="4.679"/>
  <system-out/>
  <testcase classname="com.Automation.TestNGDemo.Selenium_Eg" name="bing" time="4.921"/>
  <system-out/>
</testsuite> <!-- com.Automation.TestNGDemo.Selenium_Eg -->
