<?xml version="1.0" encoding="UTF-8"?>
<!-- Generated by org.testng.reporters.JUnitReportReporter -->
<testsuite hostname="Vignesh" failures="0" tests="3" name="com.Automation.TestNGDemo.FirstTestNg" time="0.010" errors="0" timestamp="2023-03-04T21:20:34 IST" skipped="1">
  <testcase classname="com.Automation.TestNGDemo.FirstTestNg" name="firsttest" time="0.008"/>
  <system-out/>
  <testcase classname="com.Automation.TestNGDemo.FirstTestNg" name="firtest" time="0.002"/>
  <system-out/>
  <testcase classname="com.Automation.TestNGDemo.FirstTestNg" name="helloWorld">
    <skipped/>
  </testcase> <!-- helloWorld -->
  <system-out/>
</testsuite> <!-- com.Automation.TestNGDemo.FirstTestNg -->
