<?xml version="1.0" encoding="UTF-8"?>
<!-- Generated by org.testng.reporters.JUnitReportReporter -->
<testsuite hostname="Vignesh" failures="0" tests="4" name="com.Automation.TestNGDemo.Parameterization_Eg" time="0.020" errors="0" timestamp="2023-03-05T19:37:21 IST" skipped="0">
  <testcase classname="com.Automation.TestNGDemo.Parameterization_Eg" name="sub" time="0.002"/>
  <system-out/>
  <testcase classname="com.Automation.TestNGDemo.Parameterization_Eg" name="div" time="0.002"/>
  <system-out/>
  <testcase classname="com.Automation.TestNGDemo.Parameterization_Eg" name="mul" time="0.001"/>
  <system-out/>
  <testcase classname="com.Automation.TestNGDemo.Parameterization_Eg" name="add" time="0.015"/>
  <system-out/>
</testsuite> <!-- com.Automation.TestNGDemo.Parameterization_Eg -->
