<?xml version="1.0" encoding="UTF-8"?>
<!-- Generated by org.testng.reporters.JUnitReportReporter -->
<testsuite hostname="Vignesh" failures="0" tests="11" name="com.Automation.TestNGDemo.Priority_Eg" time="10.082" errors="2" timestamp="2023-03-05T19:28:38 IST" skipped="0">
  <testcase classname="com.Automation.TestNGDemo.Priority_Eg" name="second" time="0.036"/>
  <system-out/>
  <testcase classname="com.Automation.TestNGDemo.Priority_Eg" name="first" time="0.004"/>
  <system-out/>
  <testcase classname="com.Automation.TestNGDemo.Priority_Eg" name="sixth" time="5.008">
    <error message="Method com.Automation.TestNGDemo.Priority_Eg.sixth() didn&#039;t finish within the time-out 5000" type="org.testng.internal.thread.ThreadTimeoutException">
      <![CDATA[org.testng.internal.thread.ThreadTimeoutException: Method com.Automation.TestNGDemo.Priority_Eg.sixth() didn't finish within the time-out 5000
at java.base@11.0.2/java.lang.Thread.sleep(Native Method)
at app//com.Automation.TestNGDemo.Priority_Eg.sixth(Priority_Eg.java:32)
at java.base@11.0.2/jdk.internal.reflect.NativeMethodAccessorImpl.invoke0(Native Method)
at java.base@11.0.2/jdk.internal.reflect.NativeMethodAccessorImpl.invoke(NativeMethodAccessorImpl.java:62)
at java.base@11.0.2/jdk.internal.reflect.DelegatingMethodAccessorImpl.invoke(DelegatingMethodAccessorImpl.java:43)
at java.base@11.0.2/java.lang.reflect.Method.invoke(Method.java:566)
at app//org.testng.internal.invokers.MethodInvocationHelper.invokeMethod(MethodInvocationHelper.java:139)
at app//org.testng.internal.invokers.InvokeMethodRunnable.runOne(InvokeMethodRunnable.java:47)
at app//org.testng.internal.invokers.InvokeMethodRunnable.call(InvokeMethodRunnable.java:76)
at app//org.testng.internal.invokers.InvokeMethodRunnable.call(InvokeMethodRunnable.java:11)
at java.base@11.0.2/java.util.concurrent.FutureTask.run(FutureTask.java:264)
at java.base@11.0.2/java.util.concurrent.ThreadPoolExecutor.runWorker(ThreadPoolExecutor.java:1128)
at java.base@11.0.2/java.util.concurrent.ThreadPoolExecutor$Worker.run(ThreadPoolExecutor.java:628)
at java.base@11.0.2/java.lang.Thread.run(Thread.java:834)
]]>
    </error>
  </testcase> <!-- sixth -->
  <system-out/>
  <testcase classname="com.Automation.TestNGDemo.Priority_Eg" name="fifth" time="5.016">
    <error message="Method com.Automation.TestNGDemo.Priority_Eg.fifth() didn&#039;t finish within the time-out 5000" type="org.testng.internal.thread.ThreadTimeoutException">
      <![CDATA[org.testng.internal.thread.ThreadTimeoutException: Method com.Automation.TestNGDemo.Priority_Eg.fifth() didn't finish within the time-out 5000
at java.base@11.0.2/java.lang.Thread.sleep(Native Method)
at app//com.Automation.TestNGDemo.Priority_Eg.fifth(Priority_Eg.java:27)
at java.base@11.0.2/jdk.internal.reflect.NativeMethodAccessorImpl.invoke0(Native Method)
at java.base@11.0.2/jdk.internal.reflect.NativeMethodAccessorImpl.invoke(NativeMethodAccessorImpl.java:62)
at java.base@11.0.2/jdk.internal.reflect.DelegatingMethodAccessorImpl.invoke(DelegatingMethodAccessorImpl.java:43)
at java.base@11.0.2/java.lang.reflect.Method.invoke(Method.java:566)
at app//org.testng.internal.invokers.MethodInvocationHelper.invokeMethod(MethodInvocationHelper.java:139)
at app//org.testng.internal.invokers.InvokeMethodRunnable.runOne(InvokeMethodRunnable.java:47)
at app//org.testng.internal.invokers.InvokeMethodRunnable.call(InvokeMethodRunnable.java:76)
at app//org.testng.internal.invokers.InvokeMethodRunnable.call(InvokeMethodRunnable.java:11)
at java.base@11.0.2/java.util.concurrent.FutureTask.run(FutureTask.java:264)
at java.base@11.0.2/java.util.concurrent.ThreadPoolExecutor.runWorker(ThreadPoolExecutor.java:1128)
at java.base@11.0.2/java.util.concurrent.ThreadPoolExecutor$Worker.run(ThreadPoolExecutor.java:628)
at java.base@11.0.2/java.lang.Thread.run(Thread.java:834)
]]>
    </error>
  </testcase> <!-- fifth -->
  <system-out/>
  <testcase classname="com.Automation.TestNGDemo.Priority_Eg" name="fourth" time="0.002"/>
  <system-out/>
  <testcase classname="com.Automation.TestNGDemo.Priority_Eg" name="fourth" time="0.003"/>
  <system-out/>
  <testcase classname="com.Automation.TestNGDemo.Priority_Eg" name="fourth" time="0.002"/>
  <system-out/>
  <testcase classname="com.Automation.TestNGDemo.Priority_Eg" name="fourth" time="0.003"/>
  <system-out/>
  <testcase classname="com.Automation.TestNGDemo.Priority_Eg" name="fourth" time="0.002"/>
  <system-out/>
  <testcase classname="com.Automation.TestNGDemo.Priority_Eg" name="fourth" time="0.003"/>
  <system-out/>
  <testcase classname="com.Automation.TestNGDemo.Priority_Eg" name="third" time="0.003"/>
  <system-out/>
</testsuite> <!-- com.Automation.TestNGDemo.Priority_Eg -->
