<?xml version="1.0" encoding="UTF-8"?>
<!-- Generated by org.testng.reporters.JUnitReportReporter -->
<testsuite hostname="Vignesh" failures="0" tests="1" name="com.RestAssuredAPI.examples.PostReq_WithPojo" time="4.287" errors="0" timestamp="2023-03-12T20:17:16 IST" skipped="0">
  <testcase classname="com.RestAssuredAPI.examples.PostReq_WithPojo" name="postreq" time="4.287"/>
  <system-out/>
</testsuite> <!-- com.RestAssuredAPI.examples.PostReq_WithPojo -->
