<?xml version="1.0" encoding="UTF-8"?>
<!-- Generated by org.testng.reporters.JUnitReportReporter -->
<testsuite hostname="Vignesh" failures="0" tests="1" name="com.RestAssuredAPI.examples.firstGetRequest" time="3.169" errors="0" timestamp="2023-03-12T20:49:20 IST" skipped="0">
  <testcase classname="com.RestAssuredAPI.examples.firstGetRequest" name="getRequest" time="3.169"/>
  <system-out/>
</testsuite> <!-- com.RestAssuredAPI.examples.firstGetRequest -->
